This file contains any messages produced by compilers while
running configure, to aid debugging if configure makes a mistake.

It was created by rpcbind configure 0.2.2, which was
generated by GNU Autoconf 2.69.  Invocation command line was

  $ /home/acer/emc/rpcbind_mod/configure --prefix=/usr --bindir=/sbin --with-rpcuser=root --without-systemdsystemunitdir

## --------- ##
## Platform. ##
## --------- ##

hostname = asus-ux32vd
uname -m = x86_64
uname -r = 3.18.9-200.fc21.x86_64
uname -s = Linux
uname -v = #1 SMP Mon Mar 9 15:10:50 UTC 2015

/usr/bin/uname -p = x86_64
/bin/uname -X     = unknown

/bin/arch              = x86_64
/usr/bin/arch -k       = unknown
/usr/convex/getsysinfo = unknown
/usr/bin/hostinfo      = unknown
/bin/machine           = unknown
/usr/bin/oslevel       = unknown
/bin/universe          = unknown

PATH: /home/acer/Qt/5.4/gcc_64/bin
PATH: /usr/bin
PATH: /usr/local/bin
PATH: /usr/local/sbin
PATH: /usr/bin
PATH: /usr/sbin
PATH: /bin
PATH: /sbin
PATH: /home/acer/.local/bin
PATH: /home/acer/bin


## ----------- ##
## Core tests. ##
## ----------- ##

configure:1799: loading site script /usr/share/config.site
| # This is the config.site file to satisfy FHS defaults when installing below
| # /usr.
| #
| # You may override this file by your config.site using the CONFIG_SITE env
| # variable.
| #
| # Note: This file includes also RHEL/Fedora fix for installing libraries into
| # "/lib/lib64" on 64bit systems.
| 
| if test -n "$host"; then
|     # skip when cross-compiling
|     return 0
| fi
| 
| if test "$prefix" = /usr \
|    || { test "$prefix" = NONE && test "$ac_default_prefix" = /usr ; }
| then
|     test "$sysconfdir" = '${prefix}/etc' && sysconfdir=/etc
|     test "$sharedstatedir" = '${prefix}/com' && sharedstatedir=/var
|     test "$localstatedir" = '${prefix}/var' && localstatedir=/var
| 
|     ARCH=`uname -m`
|     for i in x86_64 ppc64 s390x aarch64; do
|         if test $ARCH = $i; then
|             test "$libdir" = '${exec_prefix}/lib' && libdir='${exec_prefix}/lib64'
|             break
|         fi
|     done
| fi
configure:1941: checking for a BSD-compatible install
configure:2009: result: /usr/bin/install -c
configure:2020: checking whether build environment is sane
configure:2075: result: yes
configure:2226: checking for a thread-safe mkdir -p
configure:2265: result: /usr/bin/mkdir -p
configure:2272: checking for gawk
configure:2288: found /usr/bin/gawk
configure:2299: result: gawk
configure:2310: checking whether make sets $(MAKE)
configure:2332: result: yes
configure:2361: checking whether make supports nested variables
configure:2378: result: yes
configure:2512: checking for gcc
configure:2528: found /usr/bin/gcc
configure:2539: result: gcc
configure:2768: checking for C compiler version
configure:2777: gcc --version >&5
gcc (GCC) 4.9.2 20150212 (Red Hat 4.9.2-6)
Copyright (C) 2014 Free Software Foundation, Inc.
This is free software; see the source for copying conditions.  There is NO
warranty; not even for MERCHANTABILITY or FITNESS FOR A PARTICULAR PURPOSE.

configure:2788: $? = 0
configure:2777: gcc -v >&5
Using built-in specs.
COLLECT_GCC=gcc
COLLECT_LTO_WRAPPER=/usr/libexec/gcc/x86_64-redhat-linux/4.9.2/lto-wrapper
Target: x86_64-redhat-linux
Configured with: ../configure --prefix=/usr --mandir=/usr/share/man --infodir=/usr/share/info --with-bugurl=http://bugzilla.redhat.com/bugzilla --enable-bootstrap --enable-shared --enable-threads=posix --enable-checking=release --enable-multilib --with-system-zlib --enable-__cxa_atexit --disable-libunwind-exceptions --enable-gnu-unique-object --enable-linker-build-id --with-linker-hash-style=gnu --enable-languages=c,c++,objc,obj-c++,fortran,ada,go,lto --enable-plugin --enable-initfini-array --disable-libgcj --with-isl=/builddir/build/BUILD/gcc-4.9.2-20150212/obj-x86_64-redhat-linux/isl-install --with-cloog=/builddir/build/BUILD/gcc-4.9.2-20150212/obj-x86_64-redhat-linux/cloog-install --enable-gnu-indirect-function --with-tune=generic --with-arch_32=i686 --build=x86_64-redhat-linux
Thread model: posix
gcc version 4.9.2 20150212 (Red Hat 4.9.2-6) (GCC) 
configure:2788: $? = 0
configure:2777: gcc -V >&5
gcc: error: unrecognized command line option '-V'
gcc: fatal error: no input files
compilation terminated.
configure:2788: $? = 4
configure:2777: gcc -qversion >&5
gcc: error: unrecognized command line option '-qversion'
gcc: fatal error: no input files
compilation terminated.
configure:2788: $? = 4
configure:2808: checking whether the C compiler works
configure:2830: gcc    conftest.c  >&5
configure:2834: $? = 0
configure:2882: result: yes
configure:2885: checking for C compiler default output file name
configure:2887: result: a.out
configure:2893: checking for suffix of executables
configure:2900: gcc -o conftest    conftest.c  >&5
configure:2904: $? = 0
configure:2926: result: 
configure:2948: checking whether we are cross compiling
configure:2956: gcc -o conftest    conftest.c  >&5
configure:2960: $? = 0
configure:2967: ./conftest
configure:2971: $? = 0
configure:2986: result: no
configure:2991: checking for suffix of object files
configure:3013: gcc -c   conftest.c >&5
configure:3017: $? = 0
configure:3038: result: o
configure:3042: checking whether we are using the GNU C compiler
configure:3061: gcc -c   conftest.c >&5
configure:3061: $? = 0
configure:3070: result: yes
configure:3079: checking whether gcc accepts -g
configure:3099: gcc -c -g  conftest.c >&5
configure:3099: $? = 0
configure:3140: result: yes
configure:3157: checking for gcc option to accept ISO C89
configure:3220: gcc  -c -g -O2  conftest.c >&5
configure:3220: $? = 0
configure:3233: result: none needed
configure:3264: checking for style of include used by make
configure:3292: result: GNU
configure:3318: checking dependency style of gcc
configure:3429: result: gcc3
configure:3574: checking for pkg-config
configure:3592: found /usr/bin/pkg-config
configure:3604: result: /usr/bin/pkg-config
configure:3629: checking pkg-config is at least version 0.9.0
configure:3632: result: yes
configure:3642: checking for TIRPC
configure:3649: $PKG_CONFIG --exists --print-errors "libtirpc"
configure:3652: $? = 0
configure:3666: $PKG_CONFIG --exists --print-errors "libtirpc"
configure:3669: $? = 0
configure:3727: result: yes
configure:3786: checking for pkg-config
configure:3816: result: /usr/bin/pkg-config
configure:3841: checking pkg-config is at least version 0.9.0
configure:3844: result: yes
configure:4137: checking for library containing pthread_create
configure:4168: gcc -o conftest -g -O2   conftest.c  >&5
/tmp/ccAlAtaP.o: In function `main':
/home/acer/emc/rpcbind_mod/conftest.c:22: undefined reference to `pthread_create'
collect2: error: ld returned 1 exit status
configure:4168: $? = 1
configure: failed program was:
| /* confdefs.h */
| #define PACKAGE_NAME "rpcbind"
| #define PACKAGE_TARNAME "rpcbind"
| #define PACKAGE_VERSION "0.2.2"
| #define PACKAGE_STRING "rpcbind 0.2.2"
| #define PACKAGE_BUGREPORT ""
| #define PACKAGE_URL ""
| #define PACKAGE "rpcbind"
| #define VERSION "0.2.2"
| /* end confdefs.h.  */
| 
| /* Override any GCC internal prototype to avoid an error.
|    Use char because int might match the return type of a GCC
|    builtin and then its argument prototype would still apply.  */
| #ifdef __cplusplus
| extern "C"
| #endif
| char pthread_create ();
| int
| main ()
| {
| return pthread_create ();
|   ;
|   return 0;
| }
configure:4168: gcc -o conftest -g -O2   conftest.c -lpthread   >&5
configure:4168: $? = 0
configure:4185: result: -lpthread
configure:4341: checking that generated files are newer than configure
configure:4347: result: done
configure:4386: creating ./config.status

## ---------------------- ##
## Running config.status. ##
## ---------------------- ##

This file was extended by rpcbind config.status 0.2.2, which was
generated by GNU Autoconf 2.69.  Invocation command line was

  CONFIG_FILES    = 
  CONFIG_HEADERS  = 
  CONFIG_LINKS    = 
  CONFIG_COMMANDS = 
  $ ./config.status 

on asus-ux32vd

config.status:791: creating Makefile
config.status:963: executing depfiles commands

## ---------------- ##
## Cache variables. ##
## ---------------- ##

ac_cv_c_compiler_gnu=yes
ac_cv_env_CC_set=
ac_cv_env_CC_value=
ac_cv_env_CFLAGS_set=
ac_cv_env_CFLAGS_value=
ac_cv_env_CPPFLAGS_set=
ac_cv_env_CPPFLAGS_value=
ac_cv_env_LDFLAGS_set=
ac_cv_env_LDFLAGS_value=
ac_cv_env_LIBS_set=
ac_cv_env_LIBS_value=
ac_cv_env_PKG_CONFIG_LIBDIR_set=
ac_cv_env_PKG_CONFIG_LIBDIR_value=
ac_cv_env_PKG_CONFIG_PATH_set=
ac_cv_env_PKG_CONFIG_PATH_value=
ac_cv_env_PKG_CONFIG_set=
ac_cv_env_PKG_CONFIG_value=
ac_cv_env_SYSTEMD_CFLAGS_set=
ac_cv_env_SYSTEMD_CFLAGS_value=
ac_cv_env_SYSTEMD_LIBS_set=
ac_cv_env_SYSTEMD_LIBS_value=
ac_cv_env_TIRPC_CFLAGS_set=
ac_cv_env_TIRPC_CFLAGS_value=
ac_cv_env_TIRPC_LIBS_set=
ac_cv_env_TIRPC_LIBS_value=
ac_cv_env_build_alias_set=
ac_cv_env_build_alias_value=
ac_cv_env_host_alias_set=
ac_cv_env_host_alias_value=
ac_cv_env_target_alias_set=
ac_cv_env_target_alias_value=
ac_cv_objext=o
ac_cv_path_ac_pt_PKG_CONFIG=/usr/bin/pkg-config
ac_cv_path_install='/usr/bin/install -c'
ac_cv_path_mkdir=/usr/bin/mkdir
ac_cv_prog_AWK=gawk
ac_cv_prog_ac_ct_CC=gcc
ac_cv_prog_cc_c89=
ac_cv_prog_cc_g=yes
ac_cv_prog_make_make_set=yes
ac_cv_search_pthread_create=-lpthread
am_cv_CC_dependencies_compiler_type=gcc3
am_cv_make_support_nested_variables=yes
pkg_cv_TIRPC_CFLAGS='-I/usr/include/tirpc '
pkg_cv_TIRPC_LIBS='-ltirpc '

## ----------------- ##
## Output variables. ##
## ----------------- ##

ACLOCAL='${SHELL} /home/acer/emc/rpcbind_mod/missing aclocal-1.13'
AMDEPBACKSLASH='\'
AMDEP_FALSE='#'
AMDEP_TRUE=''
AMTAR='$${TAR-tar}'
AM_BACKSLASH='\'
AM_DEFAULT_V='$(AM_DEFAULT_VERBOSITY)'
AM_DEFAULT_VERBOSITY='1'
AM_V='$(V)'
AUTOCONF='${SHELL} /home/acer/emc/rpcbind_mod/missing autoconf'
AUTOHEADER='${SHELL} /home/acer/emc/rpcbind_mod/missing autoheader'
AUTOMAKE='${SHELL} /home/acer/emc/rpcbind_mod/missing automake-1.13'
AWK='gawk'
CC='gcc'
CCDEPMODE='depmode=gcc3'
CFLAGS='-g -O2'
CPPFLAGS=''
CYGPATH_W='echo'
DEBUG_FALSE=''
DEBUG_TRUE='#'
DEFS='-DPACKAGE_NAME=\"rpcbind\" -DPACKAGE_TARNAME=\"rpcbind\" -DPACKAGE_VERSION=\"0.2.2\" -DPACKAGE_STRING=\"rpcbind\ 0.2.2\" -DPACKAGE_BUGREPORT=\"\" -DPACKAGE_URL=\"\" -DPACKAGE=\"rpcbind\" -DVERSION=\"0.2.2\"'
DEPDIR='.deps'
ECHO_C=''
ECHO_N='-n'
ECHO_T=''
EXEEXT=''
INSTALL_DATA='${INSTALL} -m 644'
INSTALL_PROGRAM='${INSTALL}'
INSTALL_SCRIPT='${INSTALL}'
INSTALL_STRIP_PROGRAM='$(install_sh) -c -s'
LDFLAGS=''
LIBOBJS=''
LIBS='-lpthread '
LIBWRAP_FALSE=''
LIBWRAP_TRUE='#'
LTLIBOBJS=''
MAKEINFO='${SHELL} /home/acer/emc/rpcbind_mod/missing makeinfo'
MKDIR_P='/usr/bin/mkdir -p'
OBJEXT='o'
PACKAGE='rpcbind'
PACKAGE_BUGREPORT=''
PACKAGE_NAME='rpcbind'
PACKAGE_STRING='rpcbind 0.2.2'
PACKAGE_TARNAME='rpcbind'
PACKAGE_URL=''
PACKAGE_VERSION='0.2.2'
PATH_SEPARATOR=':'
PKG_CONFIG='/usr/bin/pkg-config'
PKG_CONFIG_LIBDIR=''
PKG_CONFIG_PATH=''
SET_MAKE=''
SHELL='/bin/sh'
STRIP=''
SYSTEMD_CFLAGS=''
SYSTEMD_FALSE=''
SYSTEMD_LIBS=''
SYSTEMD_TRUE='#'
TIRPC_CFLAGS='-I/usr/include/tirpc '
TIRPC_LIBS='-ltirpc '
VERSION='0.2.2'
WARMSTART_FALSE=''
WARMSTART_TRUE='#'
ac_ct_CC='gcc'
am__EXEEXT_FALSE=''
am__EXEEXT_TRUE='#'
am__fastdepCC_FALSE='#'
am__fastdepCC_TRUE=''
am__include='include'
am__isrc=''
am__leading_dot='.'
am__nodep='_no'
am__quote=''
am__tar='$${TAR-tar} chof - "$$tardir"'
am__untar='$${TAR-tar} xf -'
bindir='/sbin'
build_alias=''
datadir='${datarootdir}'
datarootdir='${prefix}/share'
docdir='${datarootdir}/doc/${PACKAGE_TARNAME}'
dvidir='${docdir}'
exec_prefix='${prefix}'
host_alias=''
htmldir='${docdir}'
includedir='${prefix}/include'
infodir='${datarootdir}/info'
install_sh='${SHELL} /home/acer/emc/rpcbind_mod/install-sh'
libdir='${exec_prefix}/lib64'
libexecdir='${exec_prefix}/libexec'
localedir='${datarootdir}/locale'
localstatedir='/var'
mandir='${datarootdir}/man'
mkdir_p='$(MKDIR_P)'
nss_modules='files'
oldincludedir='/usr/include'
pdfdir='${docdir}'
prefix='/usr'
program_transform_name='s,x,x,'
psdir='${docdir}'
rpcuser='root'
sbindir='${exec_prefix}/sbin'
sharedstatedir='/var'
statedir='/tmp'
sysconfdir='/etc'
systemdsystemunitdir=''
target_alias=''

## ----------- ##
## confdefs.h. ##
## ----------- ##

/* confdefs.h */
#define PACKAGE_NAME "rpcbind"
#define PACKAGE_TARNAME "rpcbind"
#define PACKAGE_VERSION "0.2.2"
#define PACKAGE_STRING "rpcbind 0.2.2"
#define PACKAGE_BUGREPORT ""
#define PACKAGE_URL ""
#define PACKAGE "rpcbind"
#define VERSION "0.2.2"

configure: exit 0
